<?xml version="1.0" encoding="UTF-8"?>
<testsuite xmlns:xsi="http://www.w3.org/2001/XMLSchema-instance" xsi:noNamespaceSchemaLocation="https://maven.apache.org/surefire/maven-surefire-plugin/xsd/surefire-test-report.xsd" name="CreateUserTest" time="5.048" tests="5" errors="0" skipped="0" failures="0">
  <properties>
    <property name="sun.desktop" value="windows"/>
    <property name="awt.toolkit" value="sun.awt.windows.WToolkit"/>
    <property name="java.specification.version" value="11"/>
    <property name="sun.cpu.isalist" value="amd64"/>
    <property name="sun.jnu.encoding" value="Cp1251"/>
    <property name="java.class.path" value="C:\Users\Silith\IdeaProjects\Diplom_2\target\test-classes;C:\Users\Silith\IdeaProjects\Diplom_2\target\classes;C:\Users\Silith\.m2\repository\junit\junit\4.13.2\junit-4.13.2.jar;C:\Users\Silith\.m2\repository\org\hamcrest\hamcrest-core\1.3\hamcrest-core-1.3.jar;C:\Users\Silith\.m2\repository\io\rest-assured\rest-assured\5.3.0\rest-assured-5.3.0.jar;C:\Users\Silith\.m2\repository\org\apache\groovy\groovy\4.0.6\groovy-4.0.6.jar;C:\Users\Silith\.m2\repository\org\apache\groovy\groovy-xml\4.0.6\groovy-xml-4.0.6.jar;C:\Users\Silith\.m2\repository\org\apache\httpcomponents\httpclient\4.5.13\httpclient-4.5.13.jar;C:\Users\Silith\.m2\repository\org\apache\httpcomponents\httpcore\4.4.13\httpcore-4.4.13.jar;C:\Users\Silith\.m2\repository\commons-logging\commons-logging\1.2\commons-logging-1.2.jar;C:\Users\Silith\.m2\repository\commons-codec\commons-codec\1.11\commons-codec-1.11.jar;C:\Users\Silith\.m2\repository\org\apache\httpcomponents\httpmime\4.5.13\httpmime-4.5.13.jar;C:\Users\Silith\.m2\repository\org\hamcrest\hamcrest\2.1\hamcrest-2.1.jar;C:\Users\Silith\.m2\repository\org\ccil\cowan\tagsoup\tagsoup\1.2.1\tagsoup-1.2.1.jar;C:\Users\Silith\.m2\repository\io\rest-assured\json-path\5.3.0\json-path-5.3.0.jar;C:\Users\Silith\.m2\repository\org\apache\groovy\groovy-json\4.0.6\groovy-json-4.0.6.jar;C:\Users\Silith\.m2\repository\io\rest-assured\rest-assured-common\5.3.0\rest-assured-common-5.3.0.jar;C:\Users\Silith\.m2\repository\io\rest-assured\xml-path\5.3.0\xml-path-5.3.0.jar;C:\Users\Silith\.m2\repository\org\apache\commons\commons-lang3\3.11\commons-lang3-3.11.jar;C:\Users\Silith\.m2\repository\io\qameta\allure\allure-junit4\2.15.0\allure-junit4-2.15.0.jar;C:\Users\Silith\.m2\repository\io\qameta\allure\allure-java-commons\2.15.0\allure-java-commons-2.15.0.jar;C:\Users\Silith\.m2\repository\org\slf4j\slf4j-api\1.7.30\slf4j-api-1.7.30.jar;C:\Users\Silith\.m2\repository\io\qameta\allure\allure-model\2.15.0\allure-model-2.15.0.jar;C:\Users\Silith\.m2\repository\io\qameta\allure\allure-rest-assured\2.15.0\allure-rest-assured-2.15.0.jar;C:\Users\Silith\.m2\repository\io\qameta\allure\allure-attachments\2.15.0\allure-attachments-2.15.0.jar;C:\Users\Silith\.m2\repository\org\freemarker\freemarker\2.3.31\freemarker-2.3.31.jar;C:\Users\Silith\.m2\repository\org\projectlombok\lombok\1.18.26\lombok-1.18.26.jar;C:\Users\Silith\.m2\repository\com\fasterxml\jackson\core\jackson-databind\2.15.1\jackson-databind-2.15.1.jar;C:\Users\Silith\.m2\repository\com\fasterxml\jackson\core\jackson-annotations\2.15.1\jackson-annotations-2.15.1.jar;C:\Users\Silith\.m2\repository\com\fasterxml\jackson\core\jackson-core\2.15.1\jackson-core-2.15.1.jar;C:\Users\Silith\.m2\repository\com\google\code\gson\gson\2.10.1\gson-2.10.1.jar;C:\Users\Silith\.m2\repository\wtf\g4s8\matchers-json\1.4.0\matchers-json-1.4.0.jar;C:\Users\Silith\.m2\repository\javax\json\javax.json-api\1.1.4\javax.json-api-1.1.4.jar;"/>
    <property name="java.vm.vendor" value="Amazon.com Inc."/>
    <property name="sun.arch.data.model" value="64"/>
    <property name="user.variant" value=""/>
    <property name="java.vendor.url" value="https://aws.amazon.com/corretto/"/>
    <property name="user.timezone" value="Europe/Moscow"/>
    <property name="java.vm.specification.version" value="11"/>
    <property name="os.name" value="Windows 10"/>
    <property name="sun.java.launcher" value="SUN_STANDARD"/>
    <property name="user.country" value="US"/>
    <property name="sun.boot.library.path" value="C:\Users\Silith\.jdks\corretto-11.0.19\bin"/>
    <property name="sun.java.command" value="C:\Users\Silith\AppData\Local\Temp\surefire13271389685451812025\surefirebooter2877095380988566205.jar C:\Users\Silith\AppData\Local\Temp\surefire13271389685451812025 2023-07-02T22-19-14_475-jvmRun1 surefire1068512224945326380tmp surefire_0743162312074230917tmp"/>
    <property name="jdk.debug" value="release"/>
    <property name="surefire.test.class.path" value="C:\Users\Silith\IdeaProjects\Diplom_2\target\test-classes;C:\Users\Silith\IdeaProjects\Diplom_2\target\classes;C:\Users\Silith\.m2\repository\junit\junit\4.13.2\junit-4.13.2.jar;C:\Users\Silith\.m2\repository\org\hamcrest\hamcrest-core\1.3\hamcrest-core-1.3.jar;C:\Users\Silith\.m2\repository\io\rest-assured\rest-assured\5.3.0\rest-assured-5.3.0.jar;C:\Users\Silith\.m2\repository\org\apache\groovy\groovy\4.0.6\groovy-4.0.6.jar;C:\Users\Silith\.m2\repository\org\apache\groovy\groovy-xml\4.0.6\groovy-xml-4.0.6.jar;C:\Users\Silith\.m2\repository\org\apache\httpcomponents\httpclient\4.5.13\httpclient-4.5.13.jar;C:\Users\Silith\.m2\repository\org\apache\httpcomponents\httpcore\4.4.13\httpcore-4.4.13.jar;C:\Users\Silith\.m2\repository\commons-logging\commons-logging\1.2\commons-logging-1.2.jar;C:\Users\Silith\.m2\repository\commons-codec\commons-codec\1.11\commons-codec-1.11.jar;C:\Users\Silith\.m2\repository\org\apache\httpcomponents\httpmime\4.5.13\httpmime-4.5.13.jar;C:\Users\Silith\.m2\repository\org\hamcrest\hamcrest\2.1\hamcrest-2.1.jar;C:\Users\Silith\.m2\repository\org\ccil\cowan\tagsoup\tagsoup\1.2.1\tagsoup-1.2.1.jar;C:\Users\Silith\.m2\repository\io\rest-assured\json-path\5.3.0\json-path-5.3.0.jar;C:\Users\Silith\.m2\repository\org\apache\groovy\groovy-json\4.0.6\groovy-json-4.0.6.jar;C:\Users\Silith\.m2\repository\io\rest-assured\rest-assured-common\5.3.0\rest-assured-common-5.3.0.jar;C:\Users\Silith\.m2\repository\io\rest-assured\xml-path\5.3.0\xml-path-5.3.0.jar;C:\Users\Silith\.m2\repository\org\apache\commons\commons-lang3\3.11\commons-lang3-3.11.jar;C:\Users\Silith\.m2\repository\io\qameta\allure\allure-junit4\2.15.0\allure-junit4-2.15.0.jar;C:\Users\Silith\.m2\repository\io\qameta\allure\allure-java-commons\2.15.0\allure-java-commons-2.15.0.jar;C:\Users\Silith\.m2\repository\org\slf4j\slf4j-api\1.7.30\slf4j-api-1.7.30.jar;C:\Users\Silith\.m2\repository\io\qameta\allure\allure-model\2.15.0\allure-model-2.15.0.jar;C:\Users\Silith\.m2\repository\io\qameta\allure\allure-rest-assured\2.15.0\allure-rest-assured-2.15.0.jar;C:\Users\Silith\.m2\repository\io\qameta\allure\allure-attachments\2.15.0\allure-attachments-2.15.0.jar;C:\Users\Silith\.m2\repository\org\freemarker\freemarker\2.3.31\freemarker-2.3.31.jar;C:\Users\Silith\.m2\repository\org\projectlombok\lombok\1.18.26\lombok-1.18.26.jar;C:\Users\Silith\.m2\repository\com\fasterxml\jackson\core\jackson-databind\2.15.1\jackson-databind-2.15.1.jar;C:\Users\Silith\.m2\repository\com\fasterxml\jackson\core\jackson-annotations\2.15.1\jackson-annotations-2.15.1.jar;C:\Users\Silith\.m2\repository\com\fasterxml\jackson\core\jackson-core\2.15.1\jackson-core-2.15.1.jar;C:\Users\Silith\.m2\repository\com\google\code\gson\gson\2.10.1\gson-2.10.1.jar;C:\Users\Silith\.m2\repository\wtf\g4s8\matchers-json\1.4.0\matchers-json-1.4.0.jar;C:\Users\Silith\.m2\repository\javax\json\javax.json-api\1.1.4\javax.json-api-1.1.4.jar;"/>
    <property name="sun.cpu.endian" value="little"/>
    <property name="allure.results.directory" value="C:\Users\Silith\IdeaProjects\Diplom_2\target/allure-results"/>
    <property name="user.home" value="C:\Users\Silith"/>
    <property name="user.language" value="en"/>
    <property name="java.specification.vendor" value="Oracle Corporation"/>
    <property name="java.version.date" value="2023-04-18"/>
    <property name="java.home" value="C:\Users\Silith\.jdks\corretto-11.0.19"/>
    <property name="file.separator" value="\"/>
    <property name="basedir" value="C:\Users\Silith\IdeaProjects\Diplom_2"/>
    <property name="java.vm.compressedOopsMode" value="Zero based"/>
    <property name="line.separator" value="&#10;"/>
    <property name="java.specification.name" value="Java Platform API Specification"/>
    <property name="java.vm.specification.vendor" value="Oracle Corporation"/>
    <property name="java.awt.graphicsenv" value="sun.awt.Win32GraphicsEnvironment"/>
    <property name="surefire.real.class.path" value="C:\Users\Silith\AppData\Local\Temp\surefire13271389685451812025\surefirebooter2877095380988566205.jar"/>
    <property name="user.script" value=""/>
    <property name="sun.management.compiler" value="HotSpot 64-Bit Tiered Compilers"/>
    <property name="java.runtime.version" value="11.0.19+7-LTS"/>
    <property name="user.name" value="Silith"/>
    <property name="path.separator" value=";"/>
    <property name="os.version" value="10.0"/>
    <property name="java.runtime.name" value="OpenJDK Runtime Environment"/>
    <property name="file.encoding" value="Cp1251"/>
    <property name="java.vm.name" value="OpenJDK 64-Bit Server VM"/>
    <property name="java.vendor.version" value="Corretto-11.0.19.7.1"/>
    <property name="localRepository" value="C:\Users\Silith\.m2\repository"/>
    <property name="java.vendor.url.bug" value="https://github.com/corretto/corretto-11/issues/"/>
    <property name="java.io.tmpdir" value="C:\Users\Silith\AppData\Local\Temp\"/>
    <property name="idea.version" value="2021.1.1"/>
    <property name="java.version" value="11.0.19"/>
    <property name="user.dir" value="C:\Users\Silith\IdeaProjects\Diplom_2"/>
    <property name="os.arch" value="amd64"/>
    <property name="java.vm.specification.name" value="Java Virtual Machine Specification"/>
    <property name="java.awt.printerjob" value="sun.awt.windows.WPrinterJob"/>
    <property name="sun.os.patch.level" value=""/>
    <property name="java.library.path" value="C:\Users\Silith\.jdks\corretto-11.0.19\bin;C:\WINDOWS\Sun\Java\bin;C:\WINDOWS\system32;C:\WINDOWS;C:\Program Files\Amazon Corretto\jdk11.0.19_7\bin;C:\Program Files\apache-maven-3.9.3-bin\apache-maven-3.9.3\bin;C:\Program Files (x86)\NVIDIA Corporation\PhysX\Common;C:\WINDOWS\system32;C:\WINDOWS;C:\WINDOWS\System32\Wbem;C:\WINDOWS\System32\WindowsPowerShell\v1.0\;C:\WINDOWS\System32\OpenSSH\;C:\;C:\Program Files\PuTTY\;C:\Program Files\Git\cmd;C:\Program Files\Allure\allure-2.15.0\bin;C:\Users\Silith\AppData\Local\Programs\Python\Python310\Scripts\;C:\Users\Silith\AppData\Local\Programs\Python\Python310\;C:\Users\Silith\AppData\Local\Programs\Python\Python39\Scripts\;C:\Users\Silith\AppData\Local\Programs\Python\Python39\;C:\Users\Silith\AppData\Local\Microsoft\WindowsApps;C:\Program Files\JetBrains\PyCharm Community Edition 2021.3\bin;;C:\Program Files\apache-maven-3.9.3-bin\apache-maven-3.9.3\bin;;."/>
    <property name="java.vm.info" value="mixed mode"/>
    <property name="java.vendor" value="Amazon.com Inc."/>
    <property name="java.vm.version" value="11.0.19+7-LTS"/>
    <property name="sun.io.unicode.encoding" value="UnicodeLittle"/>
    <property name="java.class.version" value="55.0"/>
  </properties>
  <testcase name="createUserEmailNullValueTest" classname="CreateUserTest" time="0.743"/>
  <testcase name="createUserHappyPathTest" classname="CreateUserTest" time="1.204"/>
  <testcase name="createUserTwiceTest" classname="CreateUserTest" time="1.696"/>
  <testcase name="createUserNameNullValueTest" classname="CreateUserTest" time="1.012"/>
  <testcase name="createUserPasswordNullValueTest" classname="CreateUserTest" time="0.385"/>
</testsuite>